0 info it worked if it ends with ok
1 verbose cli [ '/usr/bin/nodejs', '/usr/bin/npm', 'install' ]
2 info using npm@3.5.2
3 info using node@v4.2.6
4 silly loadCurrentTree Starting
5 silly install loadCurrentTree
6 silly install readLocalPackageData
7 silly install normalizeTree
8 silly loadCurrentTree Finishing
9 silly loadIdealTree Starting
10 silly install loadIdealTree
11 silly cloneCurrentTree Starting
12 silly install cloneCurrentTreeToIdealTree
13 silly cloneCurrentTree Finishing
14 silly loadShrinkwrap Starting
15 silly install loadShrinkwrap
16 silly loadShrinkwrap Finishing
17 silly loadAllDepsIntoIdealTree Starting
18 silly install loadAllDepsIntoIdealTree
19 silly fetchNamedPackageData moment
20 silly mapToRegistry name moment
21 silly mapToRegistry using default registry
22 silly mapToRegistry registry https://registry.npmjs.org/
23 silly mapToRegistry uri https://registry.npmjs.org/moment
24 silly fetchOtherPackageData paper-elements@github:polymerelements/paper-elements#^1.0.7
25 silly cache add args [ 'paper-elements@github:polymerelements/paper-elements#^1.0.7',
25 silly cache add   null ]
26 verbose cache add spec paper-elements@github:polymerelements/paper-elements#^1.0.7
27 silly fetchOtherPackageData iron-elements@github:polymerelements/iron-elements#^1.0.8
28 silly cache add args [ 'iron-elements@github:polymerelements/iron-elements#^1.0.8',
28 silly cache add   null ]
29 verbose cache add spec iron-elements@github:polymerelements/iron-elements#^1.0.8
30 silly cache add parsed spec Result {
30 silly cache add   raw: 'paper-elements@github:polymerelements/paper-elements#^1.0.7',
30 silly cache add   scope: null,
30 silly cache add   name: 'paper-elements',
30 silly cache add   rawSpec: 'github:polymerelements/paper-elements#^1.0.7',
30 silly cache add   spec: 'github:polymerelements/paper-elements#^1.0.7',
30 silly cache add   type: 'hosted',
30 silly cache add   hosted:
30 silly cache add    { type: 'github',
30 silly cache add      ssh: 'git@github.com:polymerelements/paper-elements.git#^1.0.7',
30 silly cache add      sshUrl: 'git+ssh://git@github.com/polymerelements/paper-elements.git#^1.0.7',
30 silly cache add      httpsUrl: 'git+https://github.com/polymerelements/paper-elements.git#^1.0.7',
30 silly cache add      gitUrl: 'git://github.com/polymerelements/paper-elements.git#^1.0.7',
30 silly cache add      shortcut: 'github:polymerelements/paper-elements#^1.0.7',
30 silly cache add      directUrl: 'https://raw.githubusercontent.com/polymerelements/paper-elements/%5E1.0.7/package.json' } }
31 verbose addRemoteGit caching github:polymerelements/paper-elements#^1.0.7
32 verbose addRemoteGit polymerelements/paper-elements#^1.0.7 is a repository hosted by github
33 silly tryGitProto attempting to clone git://github.com/polymerelements/paper-elements.git#^1.0.7
34 silly tryClone cloning polymerelements/paper-elements#^1.0.7 via git://github.com/polymerelements/paper-elements.git#^1.0.7
35 verbose tryClone git-github-com-polymerelements-paper-elements-git-1-0-7-a960150b not in flight; caching
36 silly cache add parsed spec Result {
36 silly cache add   raw: 'iron-elements@github:polymerelements/iron-elements#^1.0.8',
36 silly cache add   scope: null,
36 silly cache add   name: 'iron-elements',
36 silly cache add   rawSpec: 'github:polymerelements/iron-elements#^1.0.8',
36 silly cache add   spec: 'github:polymerelements/iron-elements#^1.0.8',
36 silly cache add   type: 'hosted',
36 silly cache add   hosted:
36 silly cache add    { type: 'github',
36 silly cache add      ssh: 'git@github.com:polymerelements/iron-elements.git#^1.0.8',
36 silly cache add      sshUrl: 'git+ssh://git@github.com/polymerelements/iron-elements.git#^1.0.8',
36 silly cache add      httpsUrl: 'git+https://github.com/polymerelements/iron-elements.git#^1.0.8',
36 silly cache add      gitUrl: 'git://github.com/polymerelements/iron-elements.git#^1.0.8',
36 silly cache add      shortcut: 'github:polymerelements/iron-elements#^1.0.8',
36 silly cache add      directUrl: 'https://raw.githubusercontent.com/polymerelements/iron-elements/%5E1.0.8/package.json' } }
37 verbose addRemoteGit caching github:polymerelements/iron-elements#^1.0.8
38 verbose addRemoteGit polymerelements/iron-elements#^1.0.8 is a repository hosted by github
39 silly tryGitProto attempting to clone git://github.com/polymerelements/iron-elements.git#^1.0.8
40 silly tryClone cloning polymerelements/iron-elements#^1.0.8 via git://github.com/polymerelements/iron-elements.git#^1.0.8
41 verbose tryClone git-github-com-polymerelements-iron-elements-git-1-0-8-8a192f72 not in flight; caching
42 verbose request uri https://registry.npmjs.org/moment
43 verbose request no auth needed
44 info attempt registry request try #1 at 12:03:22 PM
45 verbose request id 614ed49c4a6234cd
46 verbose etag W/"599395be-1c52d"
47 verbose lastModified Wed, 16 Aug 2017 00:45:50 GMT
48 http request GET https://registry.npmjs.org/moment
49 info git [ 'config', '--get', 'remote.origin.url' ]
50 info git [ 'config', '--get', 'remote.origin.url' ]
51 silly validateExistingRemote polymerelements/iron-elements#^1.0.8 remote.origin.url: git://github.com/polymerelements/iron-elements.git
52 verbose validateExistingRemote polymerelements/iron-elements#^1.0.8 is updating existing cached remote /home/santhosh/.npm/_git-remotes/git-github-com-polymerelements-iron-elements-git-1-0-8-8a192f72
53 silly validateExistingRemote polymerelements/paper-elements#^1.0.7 remote.origin.url: git://github.com/polymerelements/paper-elements.git
54 verbose validateExistingRemote polymerelements/paper-elements#^1.0.7 is updating existing cached remote /home/santhosh/.npm/_git-remotes/git-github-com-polymerelements-paper-elements-git-1-0-7-a960150b
55 info git [ 'fetch', '-a', 'origin' ]
56 info git [ 'fetch', '-a', 'origin' ]
57 http 304 https://registry.npmjs.org/moment
58 verbose headers { date: 'Wed, 16 Aug 2017 06:33:20 GMT',
58 verbose headers   via: '1.1 varnish',
58 verbose headers   'cache-control': 'max-age=300',
58 verbose headers   etag: 'W/"599395be-1c52d"',
58 verbose headers   age: '295',
58 verbose headers   connection: 'keep-alive',
58 verbose headers   'x-served-by': 'cache-sin18026-SIN',
58 verbose headers   'x-cache': 'HIT',
58 verbose headers   'x-cache-hits': '6',
58 verbose headers   'x-timer': 'S1502865201.599904,VS0,VE0',
58 verbose headers   vary: 'Accept-Encoding, Accept' }
59 silly get cb [ 304,
59 silly get   { date: 'Wed, 16 Aug 2017 06:33:20 GMT',
59 silly get     via: '1.1 varnish',
59 silly get     'cache-control': 'max-age=300',
59 silly get     etag: 'W/"599395be-1c52d"',
59 silly get     age: '295',
59 silly get     connection: 'keep-alive',
59 silly get     'x-served-by': 'cache-sin18026-SIN',
59 silly get     'x-cache': 'HIT',
59 silly get     'x-cache-hits': '6',
59 silly get     'x-timer': 'S1502865201.599904,VS0,VE0',
59 silly get     vary: 'Accept-Encoding, Accept' } ]
60 verbose etag https://registry.npmjs.org/moment from cache
61 verbose get saving moment to /home/santhosh/.npm/registry.npmjs.org/moment/.cache.json
62 silly resolveWithNewModule moment@2.18.1 checking installable status
63 silly cache add args [ 'moment@^2.11.2', null ]
64 verbose cache add spec moment@^2.11.2
65 silly cache add parsed spec Result {
65 silly cache add   raw: 'moment@^2.11.2',
65 silly cache add   scope: null,
65 silly cache add   name: 'moment',
65 silly cache add   rawSpec: '^2.11.2',
65 silly cache add   spec: '>=2.11.2 <3.0.0',
65 silly cache add   type: 'range' }
66 silly addNamed moment@>=2.11.2 <3.0.0
67 verbose addNamed ">=2.11.2 <3.0.0" is a valid semver range for moment
68 silly addNameRange { name: 'moment', range: '>=2.11.2 <3.0.0', hasData: false }
69 silly mapToRegistry name moment
70 silly mapToRegistry using default registry
71 silly mapToRegistry registry https://registry.npmjs.org/
72 silly mapToRegistry uri https://registry.npmjs.org/moment
73 verbose addNameRange registry:https://registry.npmjs.org/moment not in flight; fetching
74 verbose get https://registry.npmjs.org/moment not expired, no request
75 silly addNameRange number 2 { name: 'moment', range: '>=2.11.2 <3.0.0', hasData: true }
76 silly addNameRange versions [ 'moment',
76 silly addNameRange   [ '1.0.0',
76 silly addNameRange     '1.0.1',
76 silly addNameRange     '1.1.0',
76 silly addNameRange     '1.1.1',
76 silly addNameRange     '1.2.0',
76 silly addNameRange     '1.3.0',
76 silly addNameRange     '1.4.0',
76 silly addNameRange     '1.5.0',
76 silly addNameRange     '1.5.1',
76 silly addNameRange     '1.6.0',
76 silly addNameRange     '1.6.1',
76 silly addNameRange     '1.6.2',
76 silly addNameRange     '1.7.0',
76 silly addNameRange     '1.7.1',
76 silly addNameRange     '1.7.2',
76 silly addNameRange     '2.0.0',
76 silly addNameRange     '2.1.0',
76 silly addNameRange     '2.2.1',
76 silly addNameRange     '2.3.0',
76 silly addNameRange     '2.3.1',
76 silly addNameRange     '2.4.0',
76 silly addNameRange     '2.5.0',
76 silly addNameRange     '2.5.1',
76 silly addNameRange     '2.6.0',
76 silly addNameRange     '2.7.0',
76 silly addNameRange     '2.8.1',
76 silly addNameRange     '2.8.2',
76 silly addNameRange     '2.8.3',
76 silly addNameRange     '2.8.4',
76 silly addNameRange     '2.9.0',
76 silly addNameRange     '2.10.2',
76 silly addNameRange     '2.10.3',
76 silly addNameRange     '2.10.5',
76 silly addNameRange     '2.10.6',
76 silly addNameRange     '2.11.0',
76 silly addNameRange     '2.11.1',
76 silly addNameRange     '2.11.2',
76 silly addNameRange     '2.12.0',
76 silly addNameRange     '2.13.0',
76 silly addNameRange     '2.14.0',
76 silly addNameRange     '2.14.1',
76 silly addNameRange     '2.15.0',
76 silly addNameRange     '2.15.1',
76 silly addNameRange     '2.15.2',
76 silly addNameRange     '2.16.0',
76 silly addNameRange     '2.17.0',
76 silly addNameRange     '2.17.1',
76 silly addNameRange     '2.18.0',
76 silly addNameRange     '2.18.1' ] ]
77 silly addNamed moment@2.18.1
78 verbose addNamed "2.18.1" is a plain semver version for moment
79 silly cache afterAdd moment@2.18.1
80 verbose afterAdd /home/santhosh/.npm/moment/2.18.1/package/package.json not in flight; writing
81 verbose afterAdd /home/santhosh/.npm/moment/2.18.1/package/package.json written
82 verbose updateRemote git fetch -a origin (git://github.com/polymerelements/iron-elements.git)
83 verbose updateRemote git fetch -a origin (git://github.com/polymerelements/paper-elements.git)
84 verbose setPermissions polymerelements/iron-elements#^1.0.8 set permissions on /home/santhosh/.npm/_git-remotes/git-github-com-polymerelements-iron-elements-git-1-0-8-8a192f72
85 verbose resolveHead polymerelements/iron-elements#^1.0.8 original treeish: %5E1.0.8
86 verbose setPermissions polymerelements/paper-elements#^1.0.7 set permissions on /home/santhosh/.npm/_git-remotes/git-github-com-polymerelements-paper-elements-git-1-0-7-a960150b
87 verbose resolveHead polymerelements/paper-elements#^1.0.7 original treeish: %5E1.0.7
88 info git [ 'rev-list', '-n1', '%5E1.0.8' ]
89 info git [ 'rev-list', '-n1', '%5E1.0.7' ]
90 error git rev-list -n1 %5E1.0.8: fatal: ambiguous argument '%5E1.0.8': unknown revision or path not in the working tree.
90 error git rev-list -n1 %5E1.0.8: Use '--' to separate paths from revisions, like this:
90 error git rev-list -n1 %5E1.0.8: 'git <command> [<revision>...] -- [<file>...]'
91 silly tryHTTPS attempting to clone git+https://github.com/polymerelements/iron-elements.git#^1.0.8
92 silly tryClone cloning polymerelements/iron-elements#^1.0.8 via git+https://github.com/polymerelements/iron-elements.git#^1.0.8
93 verbose tryClone git-https-github-com-polymerelements-iron-elements-git-1-0-8-a1554adb not in flight; caching
94 error git rev-list -n1 %5E1.0.7: fatal: ambiguous argument '%5E1.0.7': unknown revision or path not in the working tree.
94 error git rev-list -n1 %5E1.0.7: Use '--' to separate paths from revisions, like this:
94 error git rev-list -n1 %5E1.0.7: 'git <command> [<revision>...] -- [<file>...]'
95 silly tryHTTPS attempting to clone git+https://github.com/polymerelements/paper-elements.git#^1.0.7
96 silly tryClone cloning polymerelements/paper-elements#^1.0.7 via git+https://github.com/polymerelements/paper-elements.git#^1.0.7
97 verbose tryClone git-https-github-com-polymerelements-paper-elements-git-1-0-7-647fe2b1 not in flight; caching
98 info git [ 'clone',
98 info git   '--template=/home/santhosh/.npm/_git-remotes/_templates',
98 info git   '--mirror',
98 info git   'git+https://github.com/polymerelements/iron-elements.git',
98 info git   '/home/santhosh/.npm/_git-remotes/git-https-github-com-polymerelements-iron-elements-git-1-0-8-a1554adb' ]
99 info git [ 'clone',
99 info git   '--template=/home/santhosh/.npm/_git-remotes/_templates',
99 info git   '--mirror',
99 info git   'git+https://github.com/polymerelements/paper-elements.git',
99 info git   '/home/santhosh/.npm/_git-remotes/git-https-github-com-polymerelements-paper-elements-git-1-0-7-647fe2b1' ]
100 verbose git clone --template=/home/santhosh/.npm/_git-remotes/_templates --mirror git+https://github.com/polymerelements/iron-elements.git /home/santhosh/.npm/_git-remotes/git-https-github-com-polymerelements-iron-elements-git-1-0-8-a1554adb: Cloning into bare repository '/home/santhosh/.npm/_git-remotes/git-https-github-com-polymerelements-iron-elements-git-1-0-8-a1554adb'...
100 verbose git clone --template=/home/santhosh/.npm/_git-remotes/_templates --mirror git+https://github.com/polymerelements/iron-elements.git /home/santhosh/.npm/_git-remotes/git-https-github-com-polymerelements-iron-elements-git-1-0-8-a1554adb: fatal: Unable to find remote helper for 'git+https'
101 silly trySSH attempting to clone git@github.com:polymerelements/iron-elements.git#^1.0.8
102 silly tryClone cloning polymerelements/iron-elements#^1.0.8 via git@github.com:polymerelements/iron-elements.git#^1.0.8
103 verbose tryClone git-github-com-polymerelements-iron-elements-git-1-0-8-31bd2f4f not in flight; caching
104 verbose git clone --template=/home/santhosh/.npm/_git-remotes/_templates --mirror git+https://github.com/polymerelements/paper-elements.git /home/santhosh/.npm/_git-remotes/git-https-github-com-polymerelements-paper-elements-git-1-0-7-647fe2b1: Cloning into bare repository '/home/santhosh/.npm/_git-remotes/git-https-github-com-polymerelements-paper-elements-git-1-0-7-647fe2b1'...
104 verbose git clone --template=/home/santhosh/.npm/_git-remotes/_templates --mirror git+https://github.com/polymerelements/paper-elements.git /home/santhosh/.npm/_git-remotes/git-https-github-com-polymerelements-paper-elements-git-1-0-7-647fe2b1: fatal: Unable to find remote helper for 'git+https'
105 silly trySSH attempting to clone git@github.com:polymerelements/paper-elements.git#^1.0.7
106 silly tryClone cloning polymerelements/paper-elements#^1.0.7 via git@github.com:polymerelements/paper-elements.git#^1.0.7
107 verbose tryClone git-github-com-polymerelements-paper-elements-git-1-0-7-24c95128 not in flight; caching
108 info git [ 'config', '--get', 'remote.origin.url' ]
109 info git [ 'config', '--get', 'remote.origin.url' ]
110 silly validateExistingRemote polymerelements/iron-elements#^1.0.8 remote.origin.url: git@github.com:polymerelements/iron-elements.git
111 verbose validateExistingRemote polymerelements/iron-elements#^1.0.8 is updating existing cached remote /home/santhosh/.npm/_git-remotes/git-github-com-polymerelements-iron-elements-git-1-0-8-31bd2f4f
112 silly validateExistingRemote polymerelements/paper-elements#^1.0.7 remote.origin.url: git@github.com:polymerelements/paper-elements.git
113 verbose validateExistingRemote polymerelements/paper-elements#^1.0.7 is updating existing cached remote /home/santhosh/.npm/_git-remotes/git-github-com-polymerelements-paper-elements-git-1-0-7-24c95128
114 info git [ 'fetch', '-a', 'origin' ]
115 info git [ 'fetch', '-a', 'origin' ]
116 verbose updateRemote git fetch -a origin (git@github.com:polymerelements/paper-elements.git)
117 verbose updateRemote git fetch -a origin (git@github.com:polymerelements/iron-elements.git)
118 verbose setPermissions polymerelements/paper-elements#^1.0.7 set permissions on /home/santhosh/.npm/_git-remotes/git-github-com-polymerelements-paper-elements-git-1-0-7-24c95128
119 verbose resolveHead polymerelements/paper-elements#^1.0.7 original treeish: %5E1.0.7
120 verbose setPermissions polymerelements/iron-elements#^1.0.8 set permissions on /home/santhosh/.npm/_git-remotes/git-github-com-polymerelements-iron-elements-git-1-0-8-31bd2f4f
121 verbose resolveHead polymerelements/iron-elements#^1.0.8 original treeish: %5E1.0.8
122 info git [ 'rev-list', '-n1', '%5E1.0.7' ]
123 info git [ 'rev-list', '-n1', '%5E1.0.8' ]
124 error git rev-list -n1 %5E1.0.7: fatal: ambiguous argument '%5E1.0.7': unknown revision or path not in the working tree.
124 error git rev-list -n1 %5E1.0.7: Use '--' to separate paths from revisions, like this:
124 error git rev-list -n1 %5E1.0.7: 'git <command> [<revision>...] -- [<file>...]'
125 silly fetchPackageMetaData Error: Command failed: git rev-list -n1 %5E1.0.7
125 silly fetchPackageMetaData fatal: ambiguous argument '%5E1.0.7': unknown revision or path not in the working tree.
125 silly fetchPackageMetaData Use '--' to separate paths from revisions, like this:
125 silly fetchPackageMetaData 'git <command> [<revision>...] -- [<file>...]'
125 silly fetchPackageMetaData
125 silly fetchPackageMetaData     at ChildProcess.exithandler (child_process.js:213:12)
125 silly fetchPackageMetaData     at emitTwo (events.js:87:13)
125 silly fetchPackageMetaData     at ChildProcess.emit (events.js:172:7)
125 silly fetchPackageMetaData     at maybeClose (internal/child_process.js:821:16)
125 silly fetchPackageMetaData     at Socket.<anonymous> (internal/child_process.js:319:11)
125 silly fetchPackageMetaData     at emitOne (events.js:77:13)
125 silly fetchPackageMetaData     at Socket.emit (events.js:169:7)
125 silly fetchPackageMetaData     at Pipe._onclose (net.js:469:12)
125 silly fetchPackageMetaData  error for paper-elements@github:polymerelements/paper-elements#^1.0.7 { [Error: Command failed: git rev-list -n1 %5E1.0.7
125 silly fetchPackageMetaData fatal: ambiguous argument '%5E1.0.7': unknown revision or path not in the working tree.
125 silly fetchPackageMetaData Use '--' to separate paths from revisions, like this:
125 silly fetchPackageMetaData 'git <command> [<revision>...] -- [<file>...]'
125 silly fetchPackageMetaData ]
125 silly fetchPackageMetaData   killed: false,
125 silly fetchPackageMetaData   code: 128,
125 silly fetchPackageMetaData   signal: null,
125 silly fetchPackageMetaData   cmd: 'git rev-list -n1 %5E1.0.7' }
126 error git rev-list -n1 %5E1.0.8: fatal: ambiguous argument '%5E1.0.8': unknown revision or path not in the working tree.
126 error git rev-list -n1 %5E1.0.8: Use '--' to separate paths from revisions, like this:
126 error git rev-list -n1 %5E1.0.8: 'git <command> [<revision>...] -- [<file>...]'
127 silly fetchPackageMetaData Error: Command failed: git rev-list -n1 %5E1.0.8
127 silly fetchPackageMetaData fatal: ambiguous argument '%5E1.0.8': unknown revision or path not in the working tree.
127 silly fetchPackageMetaData Use '--' to separate paths from revisions, like this:
127 silly fetchPackageMetaData 'git <command> [<revision>...] -- [<file>...]'
127 silly fetchPackageMetaData
127 silly fetchPackageMetaData     at ChildProcess.exithandler (child_process.js:213:12)
127 silly fetchPackageMetaData     at emitTwo (events.js:87:13)
127 silly fetchPackageMetaData     at ChildProcess.emit (events.js:172:7)
127 silly fetchPackageMetaData     at maybeClose (internal/child_process.js:821:16)
127 silly fetchPackageMetaData     at Socket.<anonymous> (internal/child_process.js:319:11)
127 silly fetchPackageMetaData     at emitOne (events.js:77:13)
127 silly fetchPackageMetaData     at Socket.emit (events.js:169:7)
127 silly fetchPackageMetaData     at Pipe._onclose (net.js:469:12)
127 silly fetchPackageMetaData  error for iron-elements@github:polymerelements/iron-elements#^1.0.8 { [Error: Command failed: git rev-list -n1 %5E1.0.8
127 silly fetchPackageMetaData fatal: ambiguous argument '%5E1.0.8': unknown revision or path not in the working tree.
127 silly fetchPackageMetaData Use '--' to separate paths from revisions, like this:
127 silly fetchPackageMetaData 'git <command> [<revision>...] -- [<file>...]'
127 silly fetchPackageMetaData ]
127 silly fetchPackageMetaData   killed: false,
127 silly fetchPackageMetaData   code: 128,
127 silly fetchPackageMetaData   signal: null,
127 silly fetchPackageMetaData   cmd: 'git rev-list -n1 %5E1.0.8' }
128 silly rollbackFailedOptional Starting
129 silly rollbackFailedOptional Finishing
130 silly runTopLevelLifecycles Starting
131 silly runTopLevelLifecycles Finishing
132 silly install printInstalled
133 verbose stack Error: Command failed: git rev-list -n1 %5E1.0.7
133 verbose stack fatal: ambiguous argument '%5E1.0.7': unknown revision or path not in the working tree.
133 verbose stack Use '--' to separate paths from revisions, like this:
133 verbose stack 'git <command> [<revision>...] -- [<file>...]'
133 verbose stack
133 verbose stack     at ChildProcess.exithandler (child_process.js:213:12)
133 verbose stack     at emitTwo (events.js:87:13)
133 verbose stack     at ChildProcess.emit (events.js:172:7)
133 verbose stack     at maybeClose (internal/child_process.js:821:16)
133 verbose stack     at Socket.<anonymous> (internal/child_process.js:319:11)
133 verbose stack     at emitOne (events.js:77:13)
133 verbose stack     at Socket.emit (events.js:169:7)
133 verbose stack     at Pipe._onclose (net.js:469:12)
134 verbose cwd /home/santhosh/springboot_amoeba/springjpa-postgresql
135 error Linux 4.4.0-87-generic
136 error argv "/usr/bin/nodejs" "/usr/bin/npm" "install"
137 error node v4.2.6
138 error npm  v3.5.2
139 error code 128
140 error Command failed: git rev-list -n1 %5E1.0.7
140 error fatal: ambiguous argument '%5E1.0.7': unknown revision or path not in the working tree.
140 error Use '--' to separate paths from revisions, like this:
140 error 'git <command> [<revision>...] -- [<file>...]'
141 error If you need help, you may report this error at:
141 error     <https://github.com/npm/npm/issues>
142 verbose exit [ 1, true ]
